SF:lib/src/smart_alert_dialog.dart
DA:8,1
DA:26,1
DA:29,1
DA:30,1
DA:62,1
DA:91,1
DA:108,1
DA:110,1
DA:112,3
DA:113,2
DA:115,1
DA:116,2
DA:118,1
DA:119,1
DA:120,2
DA:121,1
DA:123,1
DA:125,1
DA:127,1
DA:128,1
DA:129,1
DA:130,1
DA:131,1
DA:132,1
DA:136,1
DA:137,1
DA:142,2
DA:143,1
DA:145,1
DA:146,2
DA:148,2
DA:149,1
DA:150,1
DA:151,2
DA:154,1
DA:156,1
DA:157,1
DA:158,1
DA:159,1
DA:160,1
DA:161,1
DA:162,1
DA:164,2
DA:165,1
DA:166,1
DA:167,1
DA:170,2
DA:172,1
DA:173,2
DA:174,2
DA:176,1
DA:177,1
DA:178,1
DA:180,2
DA:187,1
DA:188,1
DA:189,1
DA:191,2
DA:192,1
DA:194,2
DA:197,2
DA:199,1
DA:200,2
DA:201,2
DA:203,1
DA:204,1
DA:205,1
DA:206,2
DA:219,1
DA:221,1
DA:223,1
DA:225,1
DA:227,1
DA:234,1
DA:236,1
DA:238,1
DA:240,1
DA:242,1
LF:78
LH:78
end_of_record
SF:lib/src/smart_list_loader.dart
DA:15,1
DA:20,0
DA:22,1
DA:24,1
DA:26,1
DA:28,1
DA:29,1
DA:30,1
DA:31,1
DA:32,1
DA:34,2
LF:11
LH:10
end_of_record
SF:lib/src/smart_progress_controller.dart
DA:9,2
DA:10,2
DA:14,1
DA:15,1
DA:19,2
DA:27,2
DA:29,2
DA:30,2
DA:32,4
DA:44,1
DA:45,1
DA:49,1
DA:54,1
DA:60,1
DA:64,1
DA:69,1
DA:75,0
DA:79,0
DA:84,0
DA:90,0
DA:94,0
DA:99,0
DA:105,0
DA:109,2
DA:110,6
DA:111,6
DA:116,1
DA:117,2
DA:118,1
LF:29
LH:22
end_of_record
SF:lib/src/smart_progress_dialog.dart
DA:18,3
DA:26,2
DA:28,3
DA:29,3
DA:35,3
DA:37,3
DA:38,9
DA:40,10
DA:41,4
DA:42,8
DA:47,3
DA:50,3
DA:51,3
DA:52,1
DA:53,2
DA:54,2
DA:55,1
DA:56,1
DA:58,1
DA:60,3
DA:67,3
DA:68,2
DA:71,4
DA:72,4
DA:75,2
DA:76,1
DA:79,2
DA:80,2
DA:83,2
DA:84,1
DA:87,2
DA:88,2
DA:91,1
DA:93,1
DA:96,2
DA:97,2
DA:101,0
DA:104,3
DA:105,6
DA:106,6
DA:107,3
DA:109,3
DA:111,3
DA:113,18
DA:115,3
DA:116,6
DA:117,9
LF:47
LH:46
end_of_record
SF:lib/src/smart_refresh_indicator.dart
DA:17,0
DA:23,0
DA:25,0
DA:27,0
DA:28,0
DA:29,0
DA:30,0
DA:31,0
LF:8
LH:0
end_of_record
SF:lib/src/smart_snack_bar.dart
DA:6,1
DA:20,1
DA:22,1
DA:23,1
DA:24,2
DA:27,1
DA:28,1
DA:29,1
DA:37,1
DA:38,1
DA:39,0
DA:45,1
DA:48,3
DA:49,2
DA:50,0
DA:55,1
DA:57,1
DA:59,0
DA:61,0
DA:68,1
DA:70,1
DA:72,1
DA:79,1
DA:81,1
DA:83,0
DA:85,0
DA:103,1
DA:113,1
DA:115,1
DA:116,1
DA:124,1
DA:126,1
DA:127,2
DA:131,2
DA:132,3
DA:136,3
DA:138,2
DA:141,1
DA:143,2
DA:144,1
DA:147,1
DA:149,3
DA:150,1
DA:155,1
DA:156,1
DA:157,1
DA:158,1
DA:159,2
DA:160,1
DA:162,1
DA:164,1
DA:165,1
DA:166,3
DA:167,3
DA:170,1
DA:171,1
DA:174,1
DA:175,2
DA:176,1
DA:177,2
DA:184,1
DA:185,2
DA:191,2
DA:192,1
DA:193,3
DA:194,2
LF:66
LH:60
end_of_record
