SF:lib/src/smart_alert_dialog.dart
DA:8,1
DA:25,1
DA:28,1
DA:29,1
DA:61,1
DA:91,1
DA:108,1
DA:110,1
DA:112,3
DA:113,2
DA:115,1
DA:116,2
DA:118,1
DA:119,1
DA:120,2
DA:121,1
DA:123,1
DA:125,1
DA:127,1
DA:128,1
DA:129,1
DA:130,1
DA:131,1
DA:132,1
DA:136,1
DA:137,1
DA:142,2
DA:143,1
DA:145,1
DA:146,2
DA:148,2
DA:149,1
DA:150,1
DA:151,2
DA:154,1
DA:156,3
DA:157,1
DA:158,1
DA:159,1
DA:160,1
DA:161,1
DA:162,1
DA:163,1
DA:165,2
DA:166,1
DA:167,1
DA:168,1
DA:171,2
DA:173,1
DA:174,2
DA:175,2
DA:177,1
DA:178,1
DA:179,1
DA:181,2
DA:188,1
DA:189,1
DA:190,1
DA:192,2
DA:193,1
DA:195,2
DA:198,2
DA:200,1
DA:201,2
DA:202,2
DA:204,1
DA:205,1
DA:206,1
DA:207,2
DA:221,1
DA:224,1
DA:226,1
DA:234,1
DA:236,1
DA:238,1
DA:240,1
DA:242,1
DA:250,1
DA:252,1
DA:254,1
DA:256,1
DA:258,1
LF:82
LH:82
end_of_record
SF:lib/src/smart_list_loader.dart
DA:15,1
DA:20,0
DA:22,1
DA:24,1
DA:26,1
DA:28,1
DA:29,1
DA:30,1
DA:31,1
DA:32,1
DA:34,2
LF:11
LH:10
end_of_record
SF:lib/src/smart_progress_controller.dart
DA:9,2
DA:10,2
DA:14,1
DA:15,1
DA:19,2
DA:27,2
DA:29,2
DA:30,2
DA:32,4
DA:44,1
DA:45,1
DA:49,1
DA:54,1
DA:60,1
DA:64,1
DA:69,1
DA:75,0
DA:79,0
DA:84,0
DA:90,0
DA:94,0
DA:99,0
DA:105,0
DA:109,2
DA:110,6
DA:111,6
DA:116,1
DA:117,2
DA:118,1
LF:29
LH:22
end_of_record
SF:lib/src/smart_progress_dialog.dart
DA:11,0
DA:16,0
DA:17,0
DA:19,0
DA:28,0
DA:33,0
DA:34,0
DA:36,0
DA:45,0
DA:53,0
DA:56,0
DA:57,0
DA:78,3
DA:86,2
DA:88,3
DA:90,3
DA:96,3
DA:98,3
DA:99,9
DA:101,10
DA:102,4
DA:103,8
DA:108,3
DA:112,3
DA:113,3
DA:114,2
DA:115,1
DA:116,2
DA:117,2
DA:118,1
DA:119,1
DA:121,1
DA:123,3
DA:130,3
DA:132,2
DA:135,4
DA:136,4
DA:139,2
DA:141,1
DA:144,2
DA:145,2
DA:148,2
DA:150,1
DA:153,2
DA:154,2
DA:157,1
DA:160,1
DA:163,2
DA:164,2
DA:168,0
DA:169,0
DA:172,3
DA:173,6
DA:174,6
DA:175,3
DA:177,3
DA:179,3
DA:181,18
DA:183,3
DA:184,6
DA:185,3
LF:61
LH:47
end_of_record
SF:lib/src/smart_refresh_indicator.dart
DA:17,0
DA:23,0
DA:25,0
DA:27,0
DA:28,0
DA:29,0
DA:30,0
DA:31,0
LF:8
LH:0
end_of_record
SF:lib/src/smart_snack_bar.dart
DA:6,1
DA:20,1
DA:22,1
DA:23,1
DA:24,2
DA:27,1
DA:28,1
DA:29,1
DA:37,1
DA:38,1
DA:39,0
DA:45,1
DA:48,3
DA:49,2
DA:50,0
DA:55,1
DA:57,1
DA:59,0
DA:61,0
DA:68,1
DA:70,1
DA:72,1
DA:79,1
DA:81,1
DA:83,0
DA:85,0
DA:103,1
DA:113,1
DA:115,1
DA:116,1
DA:124,1
DA:126,1
DA:127,2
DA:131,2
DA:132,3
DA:136,3
DA:138,2
DA:141,1
DA:143,2
DA:144,1
DA:147,1
DA:149,3
DA:150,1
DA:155,1
DA:156,1
DA:157,1
DA:158,1
DA:159,2
DA:160,1
DA:162,1
DA:164,1
DA:165,1
DA:166,3
DA:167,3
DA:170,1
DA:171,1
DA:174,1
DA:175,2
DA:176,1
DA:177,2
DA:184,1
DA:185,2
DA:191,2
DA:192,1
DA:193,3
DA:194,2
LF:66
LH:60
end_of_record
